d:\project\audiov2\x64\release\uic\ui_audiov2.h
d:\project\audiov2\x64\release\rcc\qrc_audiov2.cpp
d:\project\audiov2\x64\release\moc\moc_playerinterface.cpp
d:\project\audiov2\x64\release\main.obj
d:\project\audiov2\x64\release\playerinterface.obj
d:\project\audiov2\x64\release\qrc_audiov2.obj
d:\project\audiov2\x64\release\moc_playerinterface.obj
d:\project\audiov2\x64\release\audiov2.tlog\audiov2.write.1u.tlog
d:\project\audiov2\x64\release\audiov2.tlog\cl.21596.write.1.tlog
d:\project\audiov2\x64\release\audiov2.tlog\cl.command.1.tlog
d:\project\audiov2\x64\release\audiov2.tlog\cl.read.1.tlog
d:\project\audiov2\x64\release\audiov2.tlog\link.command.1.tlog
d:\project\audiov2\x64\release\audiov2.tlog\link.read.1.tlog
d:\project\audiov2\x64\release\audiov2.tlog\link.write.1.tlog
d:\project\audiov2\x64\release\audiov2.tlog\moc.read.1u.tlog
d:\project\audiov2\x64\release\audiov2.tlog\moc.write.1u.tlog
d:\project\audiov2\x64\release\audiov2.tlog\rcc.read.1u.tlog
d:\project\audiov2\x64\release\audiov2.tlog\rcc.write.1u.tlog
d:\project\audiov2\x64\release\audiov2.tlog\uic.read.1u.tlog
d:\project\audiov2\x64\release\audiov2.tlog\uic.write.1u.tlog
