d:\project\audiov2\x64\debug\uic\ui_audiov2.h
d:\project\audiov2\x64\debug\uic\ui_spectrumprocess.h
d:\project\audiov2\x64\debug\rcc\qrc_audiov2.cpp
d:\project\audiov2\x64\debug\moc\moc_playerinterface.cpp
d:\project\audiov2\x64\debug\moc\moc_spectrumprocess.cpp
d:\project\audiov2\x64\debug\vc142.pdb
d:\project\audiov2\x64\debug\qrc_audiov2.obj
d:\project\audiov2\x64\debug\main.obj
d:\project\audiov2\x64\debug\spectrumprocess.obj
d:\project\audiov2\x64\debug\playerinterface.obj
d:\project\audiov2\x64\debug\moc_playerinterface.obj
d:\project\audiov2\x64\debug\moc_spectrumprocess.obj
d:\project\audiov2\x64\debug\audiov2.ilk
d:\project\audiov2\x64\debug\audiov2.exe
d:\project\audiov2\x64\debug\audiov2.pdb
d:\project\audiov2\x64\debug\audiov2.tlog\audiov2.write.1u.tlog
d:\project\audiov2\x64\debug\audiov2.tlog\cl.command.1.tlog
d:\project\audiov2\x64\debug\audiov2.tlog\cl.read.1.tlog
d:\project\audiov2\x64\debug\audiov2.tlog\cl.write.1.tlog
d:\project\audiov2\x64\debug\audiov2.tlog\link.command.1.tlog
d:\project\audiov2\x64\debug\audiov2.tlog\link.read.1.tlog
d:\project\audiov2\x64\debug\audiov2.tlog\link.write.1.tlog
d:\project\audiov2\x64\debug\audiov2.tlog\moc.read.1u.tlog
d:\project\audiov2\x64\debug\audiov2.tlog\moc.write.1u.tlog
d:\project\audiov2\x64\debug\audiov2.tlog\rcc.read.1u.tlog
d:\project\audiov2\x64\debug\audiov2.tlog\rcc.write.1u.tlog
d:\project\audiov2\x64\debug\audiov2.tlog\uic.read.1u.tlog
d:\project\audiov2\x64\debug\audiov2.tlog\uic.write.1u.tlog
